<?xml version="1.0" ?>
<!DOCTYPE coverage SYSTEM "http://cobertura.sourceforge.net/xml/coverage-04.dtd">
<coverage lines-valid="1" lines-covered="1" line-rate="1" branches-valid="1" branches-covered="1" branch-rate="1" timestamp="1662013839368" complexity="0" version="0.1">
  <sources>
    <source>.</source>
  </sources>
  <packages>
    <class name="sample.js" filename="src/sample.js" line-rate="1" branch-rate="1">
      <methods>
        <method name="(anonymous_0)" hits="1" signature="()V">
          <lines>
            <line number="1" hits="1"/>
          </lines>
        </method>
      </methods>
      <lines>
        <line number="1" hits="1" branch="true" condition-coverage="100% (1/1)"/>
      </lines>
    </class>
  </packages>
</coverage>
